<?xml version="1.0" encoding="utf-8"?><testsuites><testsuite name="pytest" errors="0" failures="0" skipped="2" tests="4" time="0.157" timestamp="2022-03-29T17:53:46.159636" hostname="LAPTOP-03BSV9C1"><testcase classname="test_main" name="test_CheckPrimeOrNot[10-False]" time="0.002"><skipped type="pytest.xfail" message="" /></testcase><testcase classname="test_main" name="test_CheckPrimeOrNot[7-True]" time="0.001"><skipped type="pytest.xfail" message="" /></testcase><testcase classname="test_main" name="test_CheckPalindromeOrNot[102-False]" time="0.001" /><testcase classname="test_main" name="test_CheckPalindromeOrNot[101-True]" time="0.001" /></testsuite></testsuites>